<?xml version="1.0" encoding="UTF-8"?>
<!-- Generated by org.testng.reporters.JUnitReportReporter -->
<testsuite hostname="DESKTOP-TPDRH5N" failures="0" tests="4" name="git.practice.MyTest" time="0.030" errors="0" timestamp="2023-10-15T07:32:19 EDT" skipped="0">
  <testcase classname="git.practice.MyTest" name="practiceTest2" time="0.008"/>
  <testcase classname="git.practice.MyTest" name="practiceTest" time="0.012"/>
  <testcase classname="git.practice.MyTest" name="practiceTest1" time="0.005"/>
  <testcase classname="git.practice.MyTest" name="practiceTest3" time="0.005"/>
</testsuite> <!-- git.practice.MyTest -->
